{
  "0 debug pnpm:scope": {
    "selected": 1,
    "workspacePrefix": "/Users/chengjing/fornt-end/my-open-source/blog/atomen"
  },
  "1 error pnpm": {
    "code": "ELIFECYCLE",
    "errno": "ENOENT",
    "syscall": "spawn",
    "file": "sh",
    "pkgid": "app@1.0.0",
    "stage": "start",
    "script": "atomen",
    "pkgname": "app",
    "err": {
      "name": "pnpm",
      "message": "app@1.0.0 start: `atomen`\nspawn ENOENT",
      "code": "ELIFECYCLE",
      "stack": "pnpm: app@1.0.0 start: `atomen`\nspawn ENOENT\n    at ChildProcess.<anonymous> (/usr/local/lib/node_modules/pnpm/dist/pnpm.cjs:93293:22)\n    at ChildProcess.emit (node:events:394:28)\n    at maybeClose (node:internal/child_process:1064:16)\n    at Process.ChildProcess._handle.onexit (node:internal/child_process:301:5)"
    }
  },
  "2 warn pnpm:global": " Local package.json exists, but node_modules missing, did you mean to install?"
}